2021-10-06 22:57:05:008 grammar LogManager.java:25 before: (COMBINED_GRAMMAR ExprArithEval (RULES (RULE expr (returns int value) (BLOCK (ALT (= e additionExpr) {$value = $e.value;}))) (RULE additionExpr (returns int value) (BLOCK (ALT (= e1 multiplyExpr) {$value = $e1.value;} (* (BLOCK (ALT '+' (= e2 multiplyExpr) {$value += $e2.value;}) (ALT '-' (= e2 multiplyExpr) {$value -= $e2.value; })))))) (RULE multiplyExpr (returns int value) (BLOCK (ALT (= e1 atomExpr) {$value = $e1.value;} (* (BLOCK (ALT '*' (= e2 atomExpr) {$value *= $e2.value;}) (ALT '/' (= e2 atomExpr) {$value /= $e2.value; })))))) (RULE atomExpr (returns int value) (BLOCK (ALT (= c Number) {$value = Integer.parseInt($c.text);}) (ALT '(' (= e1 additionExpr) ')' {$value = $e1.value;}) (ALT '-' (= e2 atomExpr) {$value = -$e2.value;}))) (RULE Number (BLOCK (ALT (+ (BLOCK (ALT (.. '0' '9'))))))) (RULE WS (BLOCK (LEXER_ALT_ACTION (ALT (+ (BLOCK (ALT [ \t\r\n])))) skip)))))
2021-10-06 22:57:05:024 grammar LogManager.java:25 after: (COMBINED_GRAMMAR ExprArithEval (RULES (RULE expr (returns int value) (BLOCK (ALT (= e additionExpr) {$value = $e.value;}))) (RULE additionExpr (returns int value) (BLOCK (ALT (= e1 multiplyExpr) {$value = $e1.value;} (* (BLOCK (ALT '+' (= e2 multiplyExpr) {$value += $e2.value;}) (ALT '-' (= e2 multiplyExpr) {$value -= $e2.value; })))))) (RULE multiplyExpr (returns int value) (BLOCK (ALT (= e1 atomExpr) {$value = $e1.value;} (* (BLOCK (ALT '*' (= e2 atomExpr) {$value *= $e2.value;}) (ALT '/' (= e2 atomExpr) {$value /= $e2.value; })))))) (RULE atomExpr (returns int value) (BLOCK (ALT (= c Number) {$value = Integer.parseInt($c.text);}) (ALT '(' (= e1 additionExpr) ')' {$value = $e1.value;}) (ALT '-' (= e2 atomExpr) {$value = -$e2.value;}))) (RULE Number (BLOCK (ALT (+ (BLOCK (ALT (.. '0' '9'))))))) (RULE WS (BLOCK (LEXER_ALT_ACTION (ALT (+ (BLOCK (ALT [ \t\r\n])))) skip)))))
2021-10-06 22:57:05:055 grammar LogManager.java:25 after extract implicit lexer =(COMBINED_GRAMMAR ExprArithEval (RULES (RULE expr (returns int value) (BLOCK (ALT (= e additionExpr) {$value = $e.value;}))) (RULE additionExpr (returns int value) (BLOCK (ALT (= e1 multiplyExpr) {$value = $e1.value;} (* (BLOCK (ALT '+' (= e2 multiplyExpr) {$value += $e2.value;}) (ALT '-' (= e2 multiplyExpr) {$value -= $e2.value; })))))) (RULE multiplyExpr (returns int value) (BLOCK (ALT (= e1 atomExpr) {$value = $e1.value;} (* (BLOCK (ALT '*' (= e2 atomExpr) {$value *= $e2.value;}) (ALT '/' (= e2 atomExpr) {$value /= $e2.value; })))))) (RULE atomExpr (returns int value) (BLOCK (ALT (= c Number) {$value = Integer.parseInt($c.text);}) (ALT '(' (= e1 additionExpr) ')' {$value = $e1.value;}) (ALT '-' (= e2 atomExpr) {$value = -$e2.value;})))))
2021-10-06 22:57:05:055 grammar LogManager.java:25 lexer =(LEXER_GRAMMAR ExprArithEvalLexer (RULES (RULE T__0 (BLOCK (ALT '+'))) (RULE T__1 (BLOCK (ALT '-'))) (RULE T__2 (BLOCK (ALT '*'))) (RULE T__3 (BLOCK (ALT '/'))) (RULE T__4 (BLOCK (ALT '('))) (RULE T__5 (BLOCK (ALT ')'))) (RULE Number (BLOCK (ALT (+ (BLOCK (ALT (.. '0' '9'))))))) (RULE WS (BLOCK (LEXER_ALT_ACTION (ALT (+ (BLOCK (ALT [ \t\r\n])))) skip)))))
2021-10-06 22:57:05:486 semantics LogManager.java:25 tokens={EOF=-1, T__0=1, T__1=2, T__2=3, T__3=4, T__4=5, T__5=6, Number=7, WS=8}
2021-10-06 22:57:05:486 semantics LogManager.java:25 strings={'+'=1, '-'=2, '*'=3, '/'=4, '('=5, ')'=6}
2021-10-06 22:57:05:502 LL1 LogManager.java:25 
DECISION 0 in rule additionExpr
2021-10-06 22:57:05:502 LL1 LogManager.java:25 look=[1, 2]
2021-10-06 22:57:05:502 LL1 LogManager.java:25 LL(1)? true
2021-10-06 22:57:05:502 LL1 LogManager.java:25 
DECISION 1 in rule additionExpr
2021-10-06 22:57:05:502 LL1 LogManager.java:25 look=[{1..2}, {<EOF>, 6}]
2021-10-06 22:57:05:502 LL1 LogManager.java:25 LL(1)? true
2021-10-06 22:57:05:502 LL1 LogManager.java:25 
DECISION 2 in rule multiplyExpr
2021-10-06 22:57:05:502 LL1 LogManager.java:25 look=[3, 4]
2021-10-06 22:57:05:502 LL1 LogManager.java:25 LL(1)? true
2021-10-06 22:57:05:502 LL1 LogManager.java:25 
DECISION 3 in rule multiplyExpr
2021-10-06 22:57:05:502 LL1 LogManager.java:25 look=[{3..4}, {<EOF>, 1..2, 6}]
2021-10-06 22:57:05:502 LL1 LogManager.java:25 LL(1)? true
2021-10-06 22:57:05:502 LL1 LogManager.java:25 
DECISION 4 in rule atomExpr
2021-10-06 22:57:05:502 LL1 LogManager.java:25 look=[7, 5, 2]
2021-10-06 22:57:05:502 LL1 LogManager.java:25 LL(1)? true
2021-10-06 22:57:05:533 action-translator LogManager.java:25 translate $value = $e.value;
2021-10-06 22:57:05:533 action-translator LogManager.java:25 setAttr [@-1,1:5='value',<0>,4:18] [@-1,8:16=' $e.value',<0>,4:25]
2021-10-06 22:57:05:533 action-translator LogManager.java:25 translate  $e.value
2021-10-06 22:57:05:533 action-translator LogManager.java:25 qattr [@-1,2:2='e',<0>,4:19].[@-1,4:8='value',<0>,4:21]
2021-10-06 22:57:05:533 action-translator LogManager.java:25 translate $value = $e1.value;
2021-10-06 22:57:05:533 action-translator LogManager.java:25 setAttr [@-1,1:5='value',<0>,5:53] [@-1,8:17=' $e1.value',<0>,5:60]
2021-10-06 22:57:05:533 action-translator LogManager.java:25 translate  $e1.value
2021-10-06 22:57:05:533 action-translator LogManager.java:25 qattr [@-1,2:3='e1',<0>,5:54].[@-1,5:9='value',<0>,5:57]
2021-10-06 22:57:05:533 action-translator LogManager.java:25 translate $value += $e2.value;
2021-10-06 22:57:05:533 action-translator LogManager.java:25 attr [@-1,1:5='value',<0>,6:24]
2021-10-06 22:57:05:533 action-translator LogManager.java:25 qattr [@-1,11:12='e2',<0>,6:34].[@-1,14:18='value',<0>,6:37]
2021-10-06 22:57:05:533 action-translator LogManager.java:25 translate $value -= $e2.value; 
2021-10-06 22:57:05:533 action-translator LogManager.java:25 attr [@-1,1:5='value',<0>,7:25]
2021-10-06 22:57:05:533 action-translator LogManager.java:25 qattr [@-1,11:12='e2',<0>,7:35].[@-1,14:18='value',<0>,7:38]
2021-10-06 22:57:05:549 action-translator LogManager.java:25 translate $value = $e1.value;
2021-10-06 22:57:05:549 action-translator LogManager.java:25 setAttr [@-1,1:5='value',<0>,10:15] [@-1,8:17=' $e1.value',<0>,10:22]
2021-10-06 22:57:05:549 action-translator LogManager.java:25 translate  $e1.value
2021-10-06 22:57:05:549 action-translator LogManager.java:25 qattr [@-1,2:3='e1',<0>,10:16].[@-1,5:9='value',<0>,10:19]
2021-10-06 22:57:05:549 action-translator LogManager.java:25 translate $value *= $e2.value;
2021-10-06 22:57:05:549 action-translator LogManager.java:25 attr [@-1,1:5='value',<0>,11:20]
2021-10-06 22:57:05:549 action-translator LogManager.java:25 qattr [@-1,11:12='e2',<0>,11:30].[@-1,14:18='value',<0>,11:33]
2021-10-06 22:57:05:549 action-translator LogManager.java:25 translate $value /= $e2.value; 
2021-10-06 22:57:05:549 action-translator LogManager.java:25 attr [@-1,1:5='value',<0>,12:21]
2021-10-06 22:57:05:549 action-translator LogManager.java:25 qattr [@-1,11:12='e2',<0>,12:31].[@-1,14:18='value',<0>,12:34]
2021-10-06 22:57:05:549 action-translator LogManager.java:25 translate $value = Integer.parseInt($c.text);
2021-10-06 22:57:05:549 action-translator LogManager.java:25 setAttr [@-1,1:5='value',<0>,15:12] [@-1,8:33=' Integer.parseInt($c.text)',<0>,15:19]
2021-10-06 22:57:05:549 action-translator LogManager.java:25 translate  Integer.parseInt($c.text)
2021-10-06 22:57:05:549 action-translator LogManager.java:25 qattr [@-1,19:19='c',<0>,15:30].[@-1,21:24='text',<0>,15:32]
2021-10-06 22:57:05:549 action-translator LogManager.java:25 translate $value = $e1.value;
2021-10-06 22:57:05:549 action-translator LogManager.java:25 setAttr [@-1,1:5='value',<0>,16:29] [@-1,8:17=' $e1.value',<0>,16:36]
2021-10-06 22:57:05:549 action-translator LogManager.java:25 translate  $e1.value
2021-10-06 22:57:05:549 action-translator LogManager.java:25 qattr [@-1,2:3='e1',<0>,16:30].[@-1,5:9='value',<0>,16:33]
2021-10-06 22:57:05:549 action-translator LogManager.java:25 translate $value = -$e2.value;
2021-10-06 22:57:05:549 action-translator LogManager.java:25 setAttr [@-1,1:5='value',<0>,17:21] [@-1,8:18=' -$e2.value',<0>,17:28]
2021-10-06 22:57:05:549 action-translator LogManager.java:25 translate  -$e2.value
2021-10-06 22:57:05:549 action-translator LogManager.java:25 qattr [@-1,3:4='e2',<0>,17:23].[@-1,6:10='value',<0>,17:26]
